#
# There is insufficient memory for the Java Runtime Environment to continue.
# Native memory allocation (malloc) failed to allocate 1048576 bytes for AllocateHeap
# Possible reasons:
#   The system is out of physical RAM or swap space
#   In 32 bit mode, the process size limit was hit
# Possible solutions:
#   Reduce memory load on the system
#   Increase physical memory or swap space
#   Check if swap backing store is full
#   Use 64 bit Java on a 64 bit OS
#   Decrease Java heap size (-Xmx/-Xms)
#   Decrease number of Java threads
#   Decrease Java thread stack sizes (-Xss)
#   Set larger code cache with -XX:ReservedCodeCacheSize=
# This output file may be truncated or incomplete.
#
#  Out of Memory Error (memory/allocation.inline.hpp:61), pid=196756, tid=0x0000000000022214
#
# JRE version:  (8.0_181-b13) (build )
# Java VM: Java HotSpot(TM) 64-Bit Server VM (25.181-b13 mixed mode windows-amd64 compressed oops)
# Failed to write core dump. Minidumps are not enabled by default on client versions of Windows
#

---------------  T H R E A D  ---------------

Current thread (0x000000000141e800):  JavaThread "Unknown thread" [_thread_in_vm, id=139796, stack(0x0000000001420000,0x0000000001520000)]

Stack: [0x0000000001420000,0x0000000001520000]
[error occurred during error reporting (printing stack bounds), id 0xc0000005]

Native frames: (J=compiled Java code, j=interpreted, Vv=VM code, C=native code)


---------------  P R O C E S S  ---------------

Java Threads: ( => current thread )

Other Threads:

=>0x000000000141e800 (exited) JavaThread "Unknown thread" [_thread_in_vm, id=139796, stack(0x0000000001420000,0x0000000001520000)]

VM state:not at safepoint (normal execution)

VM Mutex/Monitor currently owned by a thread: None

Heap:
 PSYoungGen      total 76288K, used 1310K [0x000000076b000000, 0x0000000770500000, 0x00000007c0000000)
  eden space 65536K, 2% used [0x000000076b000000,0x000000076b147af0,0x000000076f000000)
  from space 10752K, 0% used [0x000000076fa80000,0x000000076fa80000,0x0000000770500000)
  to   space 10752K, 0% used [0x000000076f000000,0x000000076f000000,0x000000076fa80000)
 ParOldGen       total 175104K, used 0K [0x00000006c1000000, 0x00000006cbb00000, 0x000000076b000000)
  object space 175104K, 0% used [0x00000006c1000000,0x00000006c1000000,0x00000006cbb00000)
 Metaspace       used 784K, capacity 1092K, committed 1152K, reserved 1060864K
  class space    used 76K, capacity 384K, committed 384K, reserved 1048576K

Card table byte_map: [0x0000000012680000,0x0000000012e80000] byte_map_base: 0x000000000f078000

Marking Bits: (ParMarkBitMap*) 0x000000005c202d00
 Begin Bits: [0x00000000137d0000, 0x0000000017790000)
 End Bits:   [0x0000000017790000, 0x000000001b750000)

Polling page: 0x0000000000bf0000

CodeCache: size=245760Kb used=328Kb max_used=328Kb free=245431Kb
 bounds [0x00000000032c0000, 0x0000000003530000, 0x00000000122c0000]
 total_blobs=58 nmethods=0 adapters=38
 compilation: enabled

Compilation events (0 events):
No events

GC Heap History (0 events):
No events

Deoptimization events (0 events):
No events

Classes redefined (0 events):
No events

Internal exceptions (0 events):
No events

Events (10 events):
Event: 0.085 loading class java/lang/Short
Event: 0.085 loading class java/lang/Short done
Event: 0.085 loading class java/lang/Integer
Event: 0.085 loading class java/lang/Integer done
Event: 0.085 loading class java/lang/Long
Event: 0.088 loading class java/lang/Long done
Event: 0.095 loading class java/lang/NullPointerException
Event: 0.095 loading class java/lang/NullPointerException done
Event: 0.095 loading class java/lang/ArithmeticException
Event: 0.095 loading class java/lang/ArithmeticException done


Dynamic libraries:
0x00007ff621cb0000 - 0x00007ff621ce7000 	C:\Program Files\Java\jdk1.8.0_181\bin\java.exe
0x00007ff95f690000 - 0x00007ff95f87d000 	C:\WINDOWS\SYSTEM32\ntdll.dll
0x00007ff95f300000 - 0x00007ff95f3b3000 	C:\WINDOWS\System32\KERNEL32.DLL
0x00007ff95c020000 - 0x00007ff95c2b3000 	C:\WINDOWS\System32\KERNELBASE.dll
0x00007ff95e150000 - 0x00007ff95e1f3000 	C:\WINDOWS\System32\ADVAPI32.dll
0x00007ff95f3c0000 - 0x00007ff95f45e000 	C:\WINDOWS\System32\msvcrt.dll
0x00007ff95efd0000 - 0x00007ff95f06e000 	C:\WINDOWS\System32\sechost.dll
0x00007ff95e680000 - 0x00007ff95e7a2000 	C:\WINDOWS\System32\RPCRT4.dll
0x00007ff95ecd0000 - 0x00007ff95ee67000 	C:\WINDOWS\System32\USER32.dll
0x00007ff95c5c0000 - 0x00007ff95c5e0000 	C:\WINDOWS\System32\win32u.dll
0x00007ff95f070000 - 0x00007ff95f099000 	C:\WINDOWS\System32\GDI32.dll
0x00007ff95c690000 - 0x00007ff95c829000 	C:\WINDOWS\System32\gdi32full.dll
0x00007ff95c2c0000 - 0x00007ff95c360000 	C:\WINDOWS\System32\msvcp_win.dll
0x00007ff95b7a0000 - 0x00007ff95b89a000 	C:\WINDOWS\System32\ucrtbase.dll
0x00007ff94e710000 - 0x00007ff94e989000 	C:\WINDOWS\WinSxS\amd64_microsoft.windows.common-controls_6595b64144ccf1df_6.0.17763.1098_none_de762ed45346ee8a\COMCTL32.dll
0x00007ff95c8c0000 - 0x00007ff95cbec000 	C:\WINDOWS\System32\combase.dll
0x00007ff95c830000 - 0x00007ff95c8ae000 	C:\WINDOWS\System32\bcryptPrimitives.dll
0x00007ff95efa0000 - 0x00007ff95efce000 	C:\WINDOWS\System32\IMM32.DLL
0x000000005cd20000 - 0x000000005cdf2000 	C:\Program Files\Java\jdk1.8.0_181\jre\bin\msvcr100.dll
0x000000005b9e0000 - 0x000000005c282000 	C:\Program Files\Java\jdk1.8.0_181\jre\bin\server\jvm.dll
0x00007ff95f5d0000 - 0x00007ff95f5d8000 	C:\WINDOWS\System32\PSAPI.DLL
0x00007ff94b840000 - 0x00007ff94b849000 	C:\WINDOWS\SYSTEM32\WSOCK32.dll
0x00007ff95ee70000 - 0x00007ff95eedd000 	C:\WINDOWS\System32\WS2_32.dll
0x00007ff9548e0000 - 0x00007ff954904000 	C:\WINDOWS\SYSTEM32\WINMM.dll
0x00007ff95a1c0000 - 0x00007ff95a1ca000 	C:\WINDOWS\SYSTEM32\VERSION.dll
0x00007ff9548b0000 - 0x00007ff9548dd000 	C:\WINDOWS\SYSTEM32\WINMMBASE.dll
0x00007ff95b750000 - 0x00007ff95b79a000 	C:\WINDOWS\System32\cfgmgr32.dll
0x000000005cd10000 - 0x000000005cd1f000 	C:\Program Files\Java\jdk1.8.0_181\jre\bin\verify.dll
0x000000005cce0000 - 0x000000005cd09000 	C:\Program Files\Java\jdk1.8.0_181\jre\bin\java.dll
0x000000005cc90000 - 0x000000005ccb3000 	C:\Program Files\Java\jdk1.8.0_181\jre\bin\instrument.dll
0x000000005ccc0000 - 0x000000005ccd6000 	C:\Program Files\Java\jdk1.8.0_181\jre\bin\zip.dll

VM Arguments:
jvm_args: -javaagent:C:\Program Files\JetBrains\IntelliJ IDEA 2019.3.3\lib\idea_rt.jar=40382:C:\Program Files\JetBrains\IntelliJ IDEA 2019.3.3\bin -Dfile.encoding=UTF-8 
java_command: Main
java_class_path (initial): C:\Program Files\Java\jdk1.8.0_181\jre\lib\charsets.jar;C:\Program Files\Java\jdk1.8.0_181\jre\lib\deploy.jar;C:\Program Files\Java\jdk1.8.0_181\jre\lib\ext\access-bridge-64.jar;C:\Program Files\Java\jdk1.8.0_181\jre\lib\ext\cldrdata.jar;C:\Program Files\Java\jdk1.8.0_181\jre\lib\ext\dnsns.jar;C:\Program Files\Java\jdk1.8.0_181\jre\lib\ext\jaccess.jar;C:\Program Files\Java\jdk1.8.0_181\jre\lib\ext\jfxrt.jar;C:\Program Files\Java\jdk1.8.0_181\jre\lib\ext\localedata.jar;C:\Program Files\Java\jdk1.8.0_181\jre\lib\ext\nashorn.jar;C:\Program Files\Java\jdk1.8.0_181\jre\lib\ext\sunec.jar;C:\Program Files\Java\jdk1.8.0_181\jre\lib\ext\sunjce_provider.jar;C:\Program Files\Java\jdk1.8.0_181\jre\lib\ext\sunmscapi.jar;C:\Program Files\Java\jdk1.8.0_181\jre\lib\ext\sunpkcs11.jar;C:\Program Files\Java\jdk1.8.0_181\jre\lib\ext\zipfs.jar;C:\Program Files\Java\jdk1.8.0_181\jre\lib\javaws.jar;C:\Program Files\Java\jdk1.8.0_181\jre\lib\jce.jar;C:\Program Files\Java\jdk1.8.0_181\jre\lib\jfr.jar;C:\Program Files\Java\jdk1.8.0_181\jre\lib\jfxswt.jar;C:\Program Files\Java\jdk1.8.0_181\jre\lib\jsse.jar;C:\Program Files\Java\jdk1.8.0_181\jre\lib\management-agent.jar;C:\Program Files\Java\jdk1.8.0_181\jre\lib\plugin.jar;C:\Program Files\Java\jdk1.8.0_181\jre\lib\resources.jar;C:\Program Files\Java\jdk1.8.0_181\jre\lib\rt.jar;E:\code gym\module 2\BT-Luyen-tap-su-dung-ArrayList-LinkedList-trong-Java-Collection-Framework\out\production\Luyen-tap-su-dung-ArrayList-LinkedList-trong-Java-Collection-Framework;C:\Program Files\JetBrains\IntelliJ IDEA 2019.3.3\lib\idea_rt.jar
Launcher Type: SUN_STANDARD

Environment Variables:
JAVA_HOME=C:\Program Files\Java\jdk1.8.0_181
PATH=C:\Program Files (x86)\NVIDIA Corporation\PhysX\Common;C:\Program Files (x86)\Common Files\Intel\Shared Libraries\redist\intel64\compiler;C:\Program Files (x86)\Common Files\Oracle\Java\javapath;C:\WINDOWS\system32;C:\WINDOWS;C:\WINDOWS\System32\Wbem;C:\WINDOWS\System32\WindowsPowerShell\v1.0\;C:\WINDOWS\System32\OpenSSH\;C:\Program Files\Java\jdk1.8.0_181\bin;C:\Program Files\Git\cmd;C:\Program Files\MySQL\MySQL Shell 8.0\bin\;C:\Users\TIMT V3\AppData\Local\GitHubDesktop\bin;C:\Users\TIMT V3\AppData\Local\Programs\Microsoft VS Code\bin
USERNAME=TIMT V3
OS=Windows_NT
PROCESSOR_IDENTIFIER=Intel64 Family 6 Model 58 Stepping 9, GenuineIntel



---------------  S Y S T E M  ---------------

OS: Windows 10.0 , 64 bit Build 17763 (10.0.17763.475)

CPU:total 4 (initial active 4) (2 cores per cpu, 2 threads per core) family 6 model 58 stepping 9, cmov, cx8, fxsr, mmx, sse, sse2, sse3, ssse3, sse4.1, sse4.2, popcnt, avx, aes, clmul, erms, ht, tsc, tscinvbit, tscinv

Memory: 4k page, physical 16708112k(2790200k free), swap 16708112k(4144k free)

vm_info: Java HotSpot(TM) 64-Bit Server VM (25.181-b13) for windows-amd64 JRE (1.8.0_181-b13), built on Jul  7 2018 04:01:33 by "java_re" with MS VC++ 10.0 (VS2010)

time: Thu Apr 09 15:27:11 2020
elapsed time: 0 seconds (0d 0h 0m 0s)

